<?xml version="1.0" encoding="UTF-8" ?>
<testsuite errors="0" failures="0" hostname="redwood" name="MyControllerTests" tests="2" time="4.236" timestamp="2009-05-19T13:09:12">
  <properties />
  <testcase classname="MyControllerTests" name="testShowNoItems" time="3.266" />
  <testcase classname="MyControllerTests" name="testShow" time="0.658" />
  <system-out><![CDATA[--Output from testShowNoItems--
--Output from testShow--
]]></system-out>
  <system-err><![CDATA[--Output from testShowNoItems--
--Output from testShow--
]]></system-err>
</testsuite>
